{'batch_size': 256, 'epochs': 200, 'subgraph_dim': 256, 'feature_dim': 51, 'save_model': True, 'lr': 0.001, 'lr_decay': 0.75, 'decay_interval': 20, 'MolCLR_dim': 512}
Epoch 	   Time(sec) 	Loss_train 	     ACC_test 	 Precision_test 	 Recall_test 	 F1_test
0          29.3050      39.7341          0.9632      0.8822              0.8855          0.8839
1          53.2937      16.5684          0.9679      0.8855              0.9149          0.9000
2          76.6053      11.3096          0.9755      0.9108              0.9366          0.9235
3          100.0031      8.7319          0.9750      0.9024              0.9442          0.9228
4          123.8128      7.7332          0.9774      0.9210              0.9376          0.9292
5          148.7644      6.5612          0.9762      0.9134              0.9385          0.9258
6          172.7310      5.7700          0.9794      0.9315              0.9385          0.9350
7          197.0923      5.4213          0.9786      0.9255              0.9404          0.9329
8          220.4578      5.1760          0.9767      0.9222              0.9309          0.9266
9          243.9892      4.8911          0.9786      0.9193              0.9480          0.9334
10          267.2278      4.3544          0.9809      0.9281              0.9527          0.9402
11          288.8735      4.0186          0.9800      0.9350              0.9385          0.9367
12          310.6085      3.9519          0.9779      0.9220              0.9395          0.9306
13          331.7502      4.0476          0.9813      0.9347              0.9480          0.9413
14          352.7032      3.4512          0.9792      0.9227              0.9480          0.9351
15          373.8861      3.5224          0.9779      0.9228              0.9385          0.9306
16          395.0786      3.4347          0.9788      0.9232              0.9442          0.9336
17          416.2696      3.5718          0.9801      0.9326              0.9423          0.9374
18          437.9394      3.2812          0.9785      0.9192              0.9470          0.9329
19          459.3198      2.1891          0.9803      0.9335              0.9423          0.9379
20          480.9785      1.9530          0.9767      0.9137              0.9413          0.9273
21          502.4363      1.8874          0.9789      0.9241              0.9442          0.9340
22          524.2786      2.0255          0.9794      0.9306              0.9395          0.9350
23          545.9546      2.1726          0.9774      0.9250              0.9328          0.9289
24          567.5543      2.3585          0.9797      0.9284              0.9442          0.9362
25          589.2590      2.0654          0.9783      0.9286              0.9347          0.9316
26          614.1171      2.3073          0.9789      0.9257              0.9423          0.9339
27          638.1029      1.8521          0.9783      0.9214              0.9432          0.9322
28          661.5882      2.0905          0.9791      0.9249              0.9442          0.9345
29          685.1979      2.1089          0.9794      0.9243              0.9470          0.9355
30          709.2080      2.1384          0.9800      0.9317              0.9423          0.9370
31          733.3842      1.8278          0.9792      0.9203              0.9508          0.9353
32          756.9600      1.8816          0.9788      0.9224              0.9451          0.9336
33          780.7153      1.9325          0.9795      0.9283              0.9432          0.9357
34          804.2974      1.9061          0.9779      0.9228              0.9385          0.9306
35          827.6783      1.6888          0.9794      0.9282              0.9423          0.9352
36          850.7559      1.9674          0.9795      0.9283              0.9432          0.9357
37          874.3801      1.8343          0.9795      0.9299              0.9413          0.9356
38          898.1220      1.9719          0.9795      0.9315              0.9395          0.9355
39          921.3196      1.3690          0.9792      0.9290              0.9404          0.9346
40          945.0925      1.1337          0.9797      0.9348              0.9366          0.9357
41          968.5844      1.1472          0.9798      0.9341              0.9385          0.9363
42          991.9135      1.1869          0.9785      0.9278              0.9366          0.9322
43          1015.6530      1.1310          0.9815      0.9397              0.9432          0.9415
44          1038.9179      1.0817          0.9788      0.9272              0.9395          0.9333
45          1062.4021      1.0931          0.9791      0.9265              0.9423          0.9343
46          1086.3269      1.1195          0.9791      0.9289              0.9395          0.9341
47          1109.7908      1.3066          0.9798      0.9316              0.9413          0.9365
48          1133.2436      1.3274          0.9801      0.9326              0.9423          0.9374
49          1156.8947      1.2231          0.9791      0.9289              0.9395          0.9341
50          1180.5051      1.1845          0.9800      0.9317              0.9423          0.9370
51          1204.3475      0.9948          0.9804      0.9343              0.9423          0.9383
52          1227.6533      1.2944          0.9792      0.9330              0.9357          0.9343
53          1250.8846      1.0957          0.9785      0.9335              0.9300          0.9318
54          1274.5371      0.9254          0.9797      0.9308              0.9413          0.9360
55          1297.9324      1.1454          0.9798      0.9308              0.9423          0.9365
56          1321.0891      1.1758          0.9794      0.9298              0.9404          0.9351
57          1344.6359      1.1207          0.9804      0.9343              0.9423          0.9383
58          1368.2243      1.2641          0.9788      0.9256              0.9413          0.9334
59          1392.0642      0.8109          0.9810      0.9395              0.9404          0.9400
60          1416.1036      0.8044          0.9797      0.9332              0.9385          0.9358
61          1440.0440      0.6473          0.9803      0.9376              0.9376          0.9376
62          1463.3747      0.6452          0.9800      0.9350              0.9385          0.9367
63          1487.0706      0.7227          0.9813      0.9413              0.9404          0.9408
64          1510.3696      0.6968          0.9807      0.9394              0.9385          0.9389
65          1533.0636      0.6827          0.9797      0.9340              0.9376          0.9358
66          1556.7142      0.7936          0.9813      0.9438              0.9376          0.9407
67          1578.4139      0.7431          0.9798      0.9308              0.9423          0.9365
68          1602.2962      0.8226          0.9818      0.9390              0.9461          0.9425
69          1625.9836      0.7381          0.9812      0.9387              0.9423          0.9405
70          1648.8828      0.7330          0.9800      0.9325              0.9413          0.9369
71          1672.3197      0.6429          0.9804      0.9327              0.9442          0.9384
72          1695.6829      0.6661          0.9794      0.9331              0.9366          0.9348
73          1718.8353      0.6527          0.9815      0.9405              0.9423          0.9414
74          1742.5012      0.8924          0.9792      0.9274              0.9423          0.9348
75          1766.3540      0.8082          0.9797      0.9284              0.9442          0.9362
76          1789.9267      0.6645          0.9795      0.9299              0.9413          0.9356
77          1813.5198      0.5754          0.9806      0.9328              0.9451          0.9389
78          1837.4452      0.6857          0.9798      0.9308              0.9423          0.9365
79          1861.0631      0.5338          0.9812      0.9355              0.9461          0.9407
80          1884.3694      0.5519          0.9807      0.9345              0.9442          0.9393
81          1907.7187      0.4729          0.9813      0.9396              0.9423          0.9410
82          1930.6755      0.4515          0.9813      0.9380              0.9442          0.9411
83          1954.1552      0.4504          0.9800      0.9358              0.9376          0.9367
84          1977.4388      0.5803          0.9801      0.9367              0.9376          0.9371
85          2000.8213      0.5838          0.9813      0.9388              0.9432          0.9410
86          2023.9136      0.4341          0.9788      0.9288              0.9376          0.9331
87          2047.3944      0.4350          0.9818      0.9406              0.9442          0.9424
88          2071.1081      0.4576          0.9785      0.9231              0.9423          0.9326
89          2094.6456      0.5106          0.9806      0.9360              0.9413          0.9387
90          2117.8655      0.5032          0.9794      0.9298              0.9404          0.9351
91          2141.4864      0.4829          0.9801      0.9318              0.9432          0.9375
92          2165.0659      0.5103          0.9806      0.9352              0.9423          0.9387
93          2187.7946      0.5078          0.9818      0.9398              0.9451          0.9425
94          2210.6928      0.4698          0.9803      0.9326              0.9432          0.9379
95          2234.0331      0.5241          0.9803      0.9335              0.9423          0.9379
96          2256.8354      0.5177          0.9807      0.9353              0.9432          0.9392
97          2280.5528      0.4331          0.9801      0.9310              0.9442          0.9375
98          2304.4557      0.3871          0.9807      0.9377              0.9404          0.9391
99          2327.8519      0.4008          0.9807      0.9328              0.9461          0.9394
100          2351.0780      0.3653          0.9803      0.9343              0.9413          0.9378
101          2374.5954      0.3556          0.9818      0.9406              0.9442          0.9424
102          2398.5610      0.3438          0.9819      0.9398              0.9461          0.9430
103          2422.0189      0.3137          0.9807      0.9361              0.9423          0.9392
104          2444.9555      0.3108          0.9803      0.9335              0.9423          0.9379
105          2468.1652      0.3497          0.9815      0.9413              0.9413          0.9413
106          2493.0631      0.3478          0.9806      0.9344              0.9432          0.9388
107          2516.4946      0.3370          0.9806      0.9328              0.9451          0.9389
108          2539.7593      0.3617          0.9810      0.9370              0.9432          0.9401
109          2562.9893      0.3417          0.9810      0.9354              0.9451          0.9402
110          2586.7432      0.2931          0.9806      0.9344              0.9432          0.9388
111          2610.6379      0.4078          0.9825      0.9426              0.9470          0.9448
112          2633.9119      0.3551          0.9816      0.9389              0.9451          0.9420
113          2657.3114      0.3475          0.9816      0.9397              0.9442          0.9420
114          2680.7410      0.3654          0.9804      0.9343              0.9423          0.9383
115          2704.1776      0.3635          0.9813      0.9405              0.9413          0.9409
116          2728.2513      0.3448          0.9803      0.9326              0.9432          0.9379
117          2752.3794      0.3694          0.9806      0.9352              0.9423          0.9387
118          2776.7154      0.2952          0.9807      0.9345              0.9442          0.9393
119          2800.4725      0.2589          0.9813      0.9363              0.9461          0.9412
120          2824.1007      0.2803          0.9815      0.9372              0.9461          0.9416
121          2847.5052      0.2845          0.9818      0.9390              0.9461          0.9425
122          2870.6202      0.2773          0.9809      0.9362              0.9432          0.9397
123          2893.6891      0.2280          0.9809      0.9370              0.9423          0.9396
124          2917.0276      0.2558          0.9816      0.9389              0.9451          0.9420
125          2940.2428      0.2909          0.9819      0.9432              0.9423          0.9427
126          2963.6026      0.2207          0.9822      0.9441              0.9432          0.9437
127          2986.6065      0.2265          0.9821      0.9416              0.9451          0.9433
128          3010.4809      0.2263          0.9815      0.9413              0.9413          0.9413
129          3033.9017      0.3122          0.9804      0.9368              0.9395          0.9381
130          3056.8764      0.3045          0.9822      0.9433              0.9442          0.9437
131          3080.5075      0.2414          0.9827      0.9468              0.9432          0.9450
132          3103.5963      0.2479          0.9815      0.9397              0.9432          0.9415
133          3126.7247      0.2032          0.9816      0.9389              0.9451          0.9420
134          3150.1609      0.2463          0.9809      0.9345              0.9451          0.9398
135          3173.9722      0.2196          0.9807      0.9328              0.9461          0.9394
136          3197.4094      0.2233          0.9810      0.9354              0.9451          0.9402
137          3220.8868      0.2230          0.9810      0.9379              0.9423          0.9401
138          3243.7665      0.2716          0.9815      0.9397              0.9432          0.9415
139          3267.2840      0.2305          0.9813      0.9380              0.9442          0.9411
140          3290.4592      0.1959          0.9816      0.9406              0.9432          0.9419
141          3313.6677      0.1774          0.9810      0.9403              0.9395          0.9399
142          3336.8893      0.1900          0.9806      0.9328              0.9451          0.9389
143          3360.2651      0.2177          0.9806      0.9360              0.9413          0.9387
144          3384.1041      0.1769          0.9810      0.9330              0.9480          0.9404
145          3407.5342      0.1901          0.9810      0.9338              0.9470          0.9403
146          3430.3684      0.1860          0.9815      0.9389              0.9442          0.9415
147          3455.1433      0.1675          0.9815      0.9364              0.9470          0.9417
148          3478.2896      0.1592          0.9815      0.9380              0.9451          0.9416
149          3501.3316      0.1926          0.9815      0.9397              0.9432          0.9415
150          3524.4852      0.1783          0.9813      0.9380              0.9442          0.9411
151          3547.9268      0.2067          0.9818      0.9406              0.9442          0.9424
152          3571.4209      0.2051          0.9809      0.9362              0.9432          0.9397
153          3594.2940      0.1698          0.9813      0.9380              0.9442          0.9411
154          3617.9322      0.1957          0.9821      0.9399              0.9470          0.9434
155          3641.1951      0.1843          0.9821      0.9441              0.9423          0.9432
156          3664.9176      0.1839          0.9813      0.9405              0.9413          0.9409
157          3688.1043      0.1874          0.9810      0.9403              0.9395          0.9399
158          3711.6176      0.1647          0.9809      0.9386              0.9404          0.9395
159          3735.0515      0.1528          0.9807      0.9377              0.9404          0.9391
160          3758.4130      0.1424          0.9810      0.9370              0.9432          0.9401
161          3781.7783      0.1612          0.9806      0.9385              0.9385          0.9385
162          3805.2343      0.1485          0.9816      0.9422              0.9413          0.9418
163          3828.8499      0.1125          0.9816      0.9406              0.9432          0.9419
164          3851.9375      0.1537          0.9815      0.9397              0.9432          0.9415
165          3875.0510      0.1430          0.9816      0.9397              0.9442          0.9420
166          3897.1436      0.1542          0.9815      0.9397              0.9432          0.9415
167          3920.1399      0.1419          0.9812      0.9412              0.9395          0.9403
168          3944.0171      0.1287          0.9807      0.9345              0.9442          0.9393
169          3967.8576      0.1509          0.9815      0.9397              0.9432          0.9415
170          3991.2861      0.1531          0.9804      0.9360              0.9404          0.9382
171          4014.8984      0.1635          0.9810      0.9387              0.9413          0.9400
172          4038.4223      0.1499          0.9821      0.9432              0.9432          0.9432
173          4061.5864      0.1670          0.9815      0.9380              0.9451          0.9416
174          4084.6459      0.1559          0.9813      0.9405              0.9413          0.9409
175          4108.2238      0.1564          0.9815      0.9422              0.9404          0.9413
176          4131.8614      0.1519          0.9801      0.9367              0.9376          0.9371
177          4156.1398      0.1247          0.9801      0.9383              0.9357          0.9370
178          4179.3623      0.1235          0.9801      0.9342              0.9404          0.9373
179          4202.7531      0.1136          0.9803      0.9351              0.9404          0.9377
180          4227.0212      0.1166          0.9809      0.9386              0.9404          0.9395
181          4251.3057      0.0999          0.9806      0.9377              0.9395          0.9386
182          4275.6608      0.1205          0.9803      0.9343              0.9413          0.9378
183          4299.9428      0.1178          0.9810      0.9370              0.9432          0.9401
184          4323.9003      0.1092          0.9807      0.9386              0.9395          0.9390
185          4347.7971      0.1228          0.9803      0.9335              0.9423          0.9379
186          4372.3083      0.1106          0.9815      0.9389              0.9442          0.9415
187          4397.5532      0.1216          0.9816      0.9373              0.9470          0.9421
188          4421.4849      0.1310          0.9806      0.9369              0.9404          0.9386
189          4445.9165      0.1080          0.9812      0.9396              0.9413          0.9405
190          4469.6154      0.1360          0.9815      0.9389              0.9442          0.9415
191          4493.4469      0.1052          0.9812      0.9363              0.9451          0.9407
192          4517.3043      0.1090          0.9810      0.9370              0.9432          0.9401
193          4541.9644      0.1006          0.9807      0.9377              0.9404          0.9391
194          4565.7122      0.1106          0.9807      0.9361              0.9423          0.9392
195          4588.9503      0.1109          0.9809      0.9403              0.9385          0.9394
196          4612.5521      0.1169          0.9816      0.9397              0.9442          0.9420
197          4636.6199      0.0974          0.9807      0.9377              0.9404          0.9391
198          4661.4520      0.1188          0.9815      0.9397              0.9432          0.9415
199          4685.7385      0.1226          0.9809      0.9395              0.9395          0.9395
 Accuracy: 0.9802±0.0020
 Precision: 0.9337±0.0083
 Recall: 0.9418±0.0054
 F1: 0.9377±0.0060
