{'batch_size': 256, 'epochs': 200, 'subgraph_dim': 256, 'feature_dim': 51, 'save_model': True, 'lr': 0.001, 'lr_decay': 0.75, 'decay_interval': 20, 'MolCLR_dim': 512}
Epoch 	   Time(sec) 	Loss_train 	     ACC_test 	 Precision_test 	 Recall_test 	 F1_test
0          30.5913      39.7631          0.9560      0.8627              0.8627          0.8627
1          54.7627      16.5174          0.9673      0.8966              0.8992          0.8979
2          78.8139      11.4010          0.9710      0.9012              0.9197          0.9104
3          102.7207      8.7082          0.9743      0.9083              0.9337          0.9208
4          126.7061      7.5217          0.9768      0.9217              0.9346          0.9281
5          151.0581      6.9447          0.9774      0.9205              0.9402          0.9303
6          174.6080      5.8375          0.9764      0.9109              0.9449          0.9276
7          198.1079      5.4125          0.9777      0.9253              0.9365          0.9309
8          222.0161      4.8928          0.9758      0.9158              0.9346          0.9251
9          245.9994      4.6582          0.9773      0.9212              0.9384          0.9297
10          270.6209      5.1310          0.9786      0.9320              0.9346          0.9333
11          294.7074      4.2992          0.9782      0.9318              0.9318          0.9318
12          317.9917      4.8930          0.9776      0.9183              0.9440          0.9309
13          341.7880      3.9600          0.9785      0.9264              0.9402          0.9333
14          365.8636      3.6052          0.9789      0.9306              0.9384          0.9344
15          389.6357      3.4729          0.9792      0.9355              0.9346          0.9351
16          413.7147      3.4053          0.9777      0.9214              0.9412          0.9312
17          437.6536      3.7376          0.9794      0.9364              0.9346          0.9355
18          461.6726      3.4199          0.9788      0.9313              0.9365          0.9339
19          485.5040      2.4996          0.9815      0.9396              0.9449          0.9423
20          509.3673      2.2121          0.9800      0.9310              0.9449          0.9379
21          534.0844      2.1154          0.9815      0.9405              0.9440          0.9422
22          558.0394      2.0437          0.9801      0.9343              0.9421          0.9382
23          582.5129      2.2046          0.9797      0.9309              0.9430          0.9369
24          606.6423      2.3225          0.9792      0.9260              0.9458          0.9358
25          630.8478      2.2653          0.9794      0.9356              0.9356          0.9356
26          654.5989      2.1644          0.9812      0.9420              0.9402          0.9411
27          678.4942      1.9965          0.9821      0.9432              0.9449          0.9440
28          702.6146      1.9859          0.9803      0.9367              0.9402          0.9385
29          727.2034      2.1000          0.9810      0.9370              0.9449          0.9410
30          752.1292      1.8526          0.9801      0.9319              0.9449          0.9383
31          776.4488      1.9426          0.9792      0.9339              0.9365          0.9352
32          801.6829      2.2594          0.9807      0.9329              0.9477          0.9403
33          826.1264      2.0138          0.9810      0.9354              0.9468          0.9411
34          850.8998      2.0108          0.9797      0.9341              0.9393          0.9367
35          875.7342      2.0246          0.9794      0.9292              0.9430          0.9361
36          899.0529      1.7811          0.9816      0.9389              0.9468          0.9428
37          923.6843      1.7210          0.9801      0.9343              0.9421          0.9382
38          947.9617      1.8345          0.9809      0.9378              0.9430          0.9404
39          972.4162      1.2616          0.9812      0.9331              0.9505          0.9417
40          997.3269      1.0725          0.9813      0.9396              0.9440          0.9418
41          1021.2899      1.1942          0.9828      0.9501              0.9421          0.9461
42          1045.2689      1.2408          0.9815      0.9405              0.9440          0.9422
43          1069.9605      1.2098          0.9809      0.9370              0.9440          0.9405
44          1093.8461      1.1493          0.9804      0.9368              0.9412          0.9390
45          1118.4450      1.1616          0.9819      0.9439              0.9430          0.9435
46          1143.5214      1.1632          0.9821      0.9456              0.9421          0.9439
47          1168.0011      1.4108          0.9818      0.9422              0.9440          0.9431
48          1192.3955      1.2475          0.9824      0.9416              0.9486          0.9451
49          1217.2333      1.1366          0.9828      0.9476              0.9449          0.9462
50          1242.2241      1.1813          0.9803      0.9400              0.9365          0.9383
51          1266.4234      1.2368          0.9813      0.9429              0.9402          0.9416
52          1291.3345      1.1460          0.9816      0.9413              0.9440          0.9427
53          1315.4761      1.1575          0.9827      0.9467              0.9449          0.9458
54          1340.4431      1.0959          0.9818      0.9406              0.9458          0.9432
55          1364.1339      1.1431          0.9815      0.9405              0.9440          0.9422
56          1388.6097      1.0714          0.9824      0.9457              0.9440          0.9449
57          1412.6019      1.3184          0.9815      0.9421              0.9421          0.9421
58          1437.4477      1.1387          0.9807      0.9361              0.9440          0.9400
59          1462.1245      0.8010          0.9815      0.9413              0.9430          0.9422
60          1486.7038      0.6848          0.9810      0.9411              0.9402          0.9407
61          1510.3314      0.8056          0.9821      0.9456              0.9421          0.9439
62          1535.8351      0.7342          0.9819      0.9456              0.9412          0.9434
63          1559.4881      0.6527          0.9821      0.9440              0.9440          0.9440
64          1583.3603      0.7099          0.9824      0.9424              0.9477          0.9451
65          1607.2505      0.6793          0.9824      0.9457              0.9440          0.9449
66          1630.9103      0.6611          0.9825      0.9475              0.9430          0.9453
67          1654.4532      0.6326          0.9816      0.9447              0.9402          0.9424
68          1678.3269      0.8033          0.9830      0.9459              0.9477          0.9468
69          1702.3282      0.6826          0.9824      0.9449              0.9449          0.9449
70          1726.2496      0.7555          0.9812      0.9404              0.9421          0.9412
71          1750.1237      0.7903          0.9833      0.9511              0.9440          0.9475
72          1773.7067      0.8823          0.9825      0.9475              0.9430          0.9453
73          1797.7078      0.8626          0.9837      0.9512              0.9468          0.9490
74          1822.0132      0.7020          0.9830      0.9527              0.9402          0.9464
75          1846.8437      0.6734          0.9816      0.9405              0.9449          0.9427
76          1871.0970      0.6647          0.9816      0.9422              0.9430          0.9426
77          1895.0918      0.7434          0.9822      0.9457              0.9430          0.9444
78          1919.7731      0.7576          0.9813      0.9388              0.9449          0.9418
79          1943.6893      0.5953          0.9824      0.9441              0.9458          0.9450
80          1967.0881      0.5310          0.9818      0.9398              0.9468          0.9433
81          1991.1027      0.5370          0.9822      0.9457              0.9430          0.9444
82          2014.9672      0.4168          0.9809      0.9411              0.9393          0.9402
83          2038.3863      0.4510          0.9822      0.9465              0.9421          0.9443
84          2062.4111      0.4172          0.9812      0.9404              0.9421          0.9412
85          2086.2176      0.5507          0.9818      0.9489              0.9365          0.9427
86          2109.9987      0.4888          0.9825      0.9458              0.9449          0.9454
87          2133.8147      0.5319          0.9818      0.9455              0.9402          0.9429
88          2157.2976      0.5136          0.9830      0.9459              0.9477          0.9468
89          2181.1562      0.4794          0.9824      0.9508              0.9384          0.9445
90          2205.0223      0.4959          0.9828      0.9492              0.9430          0.9461
91          2229.2911      0.4344          0.9815      0.9438              0.9402          0.9420
92          2253.7491      0.4779          0.9827      0.9500              0.9412          0.9456
93          2277.9327      0.5351          0.9813      0.9429              0.9402          0.9416
94          2302.3143      0.5012          0.9818      0.9464              0.9393          0.9428
95          2326.5085      0.4571          0.9813      0.9429              0.9402          0.9416
96          2350.8112      0.4409          0.9821      0.9440              0.9440          0.9440
97          2375.2000      0.4926          0.9822      0.9491              0.9393          0.9442
98          2399.0345      0.5035          0.9824      0.9433              0.9468          0.9450
99          2422.6722      0.4170          0.9818      0.9439              0.9421          0.9430
100          2446.4584      0.3979          0.9821      0.9465              0.9412          0.9438
101          2469.3918      0.3083          0.9824      0.9457              0.9440          0.9449
102          2493.1341      0.3005          0.9827      0.9484              0.9430          0.9457
103          2517.5431      0.3182          0.9821      0.9456              0.9421          0.9439
104          2550.0873      0.3016          0.9818      0.9439              0.9421          0.9430
105          2582.0830      0.3721          0.9806      0.9385              0.9402          0.9394
106          2614.3942      0.3648          0.9827      0.9484              0.9430          0.9457
107          2646.6045      0.3087          0.9827      0.9509              0.9402          0.9455
108          2678.9894      0.3872          0.9807      0.9394              0.9402          0.9398
109          2710.5651      0.2975          0.9815      0.9454              0.9384          0.9419
110          2742.9448      0.3156          0.9819      0.9473              0.9393          0.9433
111          2775.2322      0.3450          0.9822      0.9474              0.9412          0.9443
112          2806.9207      0.3206          0.9825      0.9492              0.9412          0.9451
113          2840.4788      0.3791          0.9827      0.9509              0.9402          0.9455
114          2873.1779      0.3225          0.9822      0.9491              0.9393          0.9442
115          2905.7681      0.4103          0.9806      0.9401              0.9384          0.9393
116          2937.7880      0.3309          0.9824      0.9466              0.9430          0.9448
117          2969.9414      0.3481          0.9831      0.9502              0.9440          0.9471
118          3001.5823      0.3291          0.9824      0.9449              0.9449          0.9449
119          3034.1285      0.2724          0.9825      0.9500              0.9402          0.9451
120          3065.5882      0.2769          0.9819      0.9439              0.9430          0.9435
121          3098.1521      0.2585          0.9824      0.9466              0.9430          0.9448
122          3129.7466      0.2405          0.9824      0.9474              0.9421          0.9448
123          3162.4173      0.2382          0.9821      0.9456              0.9421          0.9439
124          3194.5460      0.2507          0.9813      0.9412              0.9421          0.9417
125          3227.0348      0.2260          0.9827      0.9484              0.9430          0.9457
126          3259.3856      0.2510          0.9818      0.9414              0.9449          0.9432
127          3291.9214      0.2268          0.9825      0.9466              0.9440          0.9453
128          3324.4909      0.2771          0.9816      0.9463              0.9384          0.9423
129          3356.5986      0.2590          0.9813      0.9421              0.9412          0.9416
130          3388.8496      0.2427          0.9824      0.9474              0.9421          0.9448
131          3420.4091      0.2312          0.9810      0.9403              0.9412          0.9407
132          3452.2085      0.2069          0.9824      0.9466              0.9430          0.9448
133          3484.1623      0.1982          0.9809      0.9386              0.9421          0.9404
134          3516.5116      0.2787          0.9818      0.9422              0.9440          0.9431
135          3548.8649      0.2512          0.9821      0.9423              0.9458          0.9441
136          3581.1766      0.2410          0.9825      0.9458              0.9449          0.9454
137          3613.4631      0.2311          0.9822      0.9465              0.9421          0.9443
138          3645.9450      0.2348          0.9819      0.9431              0.9440          0.9435
139          3678.3560      0.2137          0.9821      0.9473              0.9402          0.9438
140          3711.2970      0.2002          0.9818      0.9422              0.9440          0.9431
141          3742.9761      0.1996          0.9813      0.9429              0.9402          0.9416
142          3777.2811      0.1839          0.9809      0.9411              0.9393          0.9402
143          3810.1208      0.1960          0.9825      0.9492              0.9412          0.9451
144          3842.0374      0.2081          0.9822      0.9457              0.9430          0.9444
145          3873.7086      0.1594          0.9822      0.9432              0.9458          0.9445
146          3906.0060      0.2065          0.9827      0.9467              0.9449          0.9458
147          3938.1965      0.2306          0.9821      0.9432              0.9449          0.9440
148          3970.9272      0.1974          0.9821      0.9456              0.9421          0.9439
149          4002.8701      0.1891          0.9824      0.9466              0.9430          0.9448
150          4035.3396      0.1698          0.9822      0.9457              0.9430          0.9444
151          4066.4119      0.1530          0.9813      0.9429              0.9402          0.9416
152          4098.3778      0.1645          0.9821      0.9448              0.9430          0.9439
153          4131.1984      0.1721          0.9827      0.9500              0.9412          0.9456
154          4164.0424      0.2150          0.9822      0.9457              0.9430          0.9444
155          4195.6317      0.2055          0.9828      0.9501              0.9421          0.9461
156          4227.8902      0.1847          0.9822      0.9465              0.9421          0.9443
157          4260.0290      0.1657          0.9825      0.9466              0.9440          0.9453
158          4292.3232      0.1627          0.9821      0.9473              0.9402          0.9438
159          4324.4836      0.1628          0.9833      0.9494              0.9458          0.9476
160          4356.7868      0.1898          0.9825      0.9466              0.9440          0.9453
161          4389.7088      0.1777          0.9821      0.9440              0.9440          0.9440
162          4422.5325      0.1422          0.9824      0.9466              0.9430          0.9448
163          4453.5728      0.1555          0.9822      0.9432              0.9458          0.9445
164          4485.2427      0.1432          0.9828      0.9467              0.9458          0.9463
165          4516.7841      0.1524          0.9828      0.9476              0.9449          0.9462
166          4548.9807      0.1606          0.9825      0.9458              0.9449          0.9454
167          4582.2274      0.1474          0.9819      0.9439              0.9430          0.9435
168          4615.9873      0.1392          0.9824      0.9466              0.9430          0.9448
169          4649.1495      0.1321          0.9822      0.9432              0.9458          0.9445
170          4683.0233      0.1437          0.9830      0.9468              0.9468          0.9468
171          4716.1067      0.1571          0.9824      0.9457              0.9440          0.9449
172          4738.6184      0.1435          0.9830      0.9468              0.9468          0.9468
173          4762.0890      0.1500          0.9821      0.9440              0.9440          0.9440
174          4790.3219      0.1498          0.9824      0.9457              0.9440          0.9449
175          4817.7641      0.1272          0.9821      0.9440              0.9440          0.9440
176          4845.3041      0.1597          0.9828      0.9476              0.9449          0.9462
177          4871.8083      0.1363          0.9830      0.9485              0.9449          0.9467
178          4898.0287      0.1419          0.9824      0.9466              0.9430          0.9448
179          4924.5450      0.1237          0.9822      0.9457              0.9430          0.9444
180          4951.8891      0.1124          0.9821      0.9465              0.9412          0.9438
181          4978.8339      0.1243          0.9830      0.9476              0.9458          0.9467
182          5006.2060      0.1140          0.9828      0.9476              0.9449          0.9462
183          5039.1395      0.1106          0.9825      0.9466              0.9440          0.9453
184          5073.5381      0.1302          0.9833      0.9502              0.9449          0.9476
185          5107.1401      0.1080          0.9828      0.9492              0.9430          0.9461
186          5141.5770      0.1140          0.9830      0.9476              0.9458          0.9467
187          5175.5070      0.1130          0.9828      0.9492              0.9430          0.9461
188          5209.6608      0.1276          0.9825      0.9475              0.9430          0.9453
189          5243.9158      0.1268          0.9825      0.9492              0.9412          0.9451
190          5276.9254      0.1097          0.9828      0.9492              0.9430          0.9461
191          5310.4181      0.1293          0.9822      0.9465              0.9421          0.9443
192          5345.6087      0.1133          0.9824      0.9483              0.9412          0.9447
193          5380.0638      0.1003          0.9821      0.9473              0.9402          0.9438
194          5414.3880      0.1106          0.9821      0.9482              0.9393          0.9437
195          5447.4938      0.1128          0.9831      0.9493              0.9449          0.9471
196          5478.9434      0.1035          0.9827      0.9500              0.9412          0.9456
197          5512.4614      0.1035          0.9828      0.9527              0.9393          0.9459
198          5545.6935      0.1094          0.9828      0.9501              0.9421          0.9461
199          5578.5421      0.0977          0.9821      0.9473              0.9402          0.9438
 Accuracy: 0.9813±0.0026
 Precision: 0.9418±0.0103
 Recall: 0.9417±0.0072
 F1: 0.9417±0.0081
